[0m20:12:56.946794 [debug] [MainThread]: Sending event: {'category': 'dbt', 'action': 'invocation', 'label': 'start', 'context': [<snowplow_tracker.self_describing_json.SelfDescribingJson object at 0x7f9b35f081a0>, <snowplow_tracker.self_describing_json.SelfDescribingJson object at 0x7f9b37b0c690>, <snowplow_tracker.self_describing_json.SelfDescribingJson object at 0x7f9b35540910>]}


============================== 20:12:56.959319 | 4fb17327-67d5-43c2-9467-48a951f13a56 ==============================
[0m20:12:56.959319 [info ] [MainThread]: Running with dbt=1.11.8
[0m20:12:56.961006 [debug] [MainThread]: running dbt with arguments {'target_path': 'None', 'static_parser': 'True', 'empty': 'None', 'log_format': 'default', 'partial_parse': 'True', 'log_path': 'logs', 'indirect_selection': 'eager', 'introspect': 'True', 'write_json': 'True', 'cache_selected_only': 'False', 'no_print': 'None', 'profiles_dir': '/home/jupiter/.dbt', 'warn_error_options': 'WarnErrorOptionsV2(error=[], warn=[], silence=[])', 'use_colors': 'True', 'quiet': 'False', 'version_check': 'True', 'send_anonymous_usage_stats': 'True', 'use_experimental_parser': 'False', 'debug': 'False', 'log_cache_events': 'False', 'fail_fast': 'False', 'warn_error': 'None', 'printer_width': '80', 'invocation_command': 'dbt init dbt'}
[0m20:12:56.997093 [info ] [MainThread]: Creating dbt configuration folder at /home/jupiter/.dbt
[0m20:13:24.610100 [debug] [MainThread]: Starter project path: /home/jupiter/code/bw-analysis/.venv/lib/python3.13/site-packages/dbt/include/starter_project
[0m20:13:24.623580 [info ] [MainThread]: 
Your new dbt project "bw_analysis" was created!

For more information on how to configure the profiles.yml file,
please consult the dbt documentation here:

  https://docs.getdbt.com/docs/configure-your-profile

One more thing:

Need help? Don't hesitate to reach out to us via GitHub issues or on Slack:

  https://community.getdbt.com/

Happy modeling!

[0m20:13:24.625214 [info ] [MainThread]: Setting up your profile.
[0m20:13:29.159360 [info ] [MainThread]: Profile bw_analysis written to /home/jupiter/.dbt/profiles.yml using target's sample configuration. Once updated, you'll be able to start developing with dbt.
[0m20:13:29.169336 [debug] [MainThread]: Resource report: {"command_name": "init", "command_success": true, "command_wall_clock_time": 33.001675, "process_in_blocks": "0", "process_kernel_time": 0.390315, "process_mem_max_rss": "143772", "process_out_blocks": "88", "process_user_time": 4.954004}
[0m20:13:29.174884 [debug] [MainThread]: Command `dbt init` succeeded at 20:13:29.174044 after 33.01 seconds
[0m20:13:29.177172 [debug] [MainThread]: Sending event: {'category': 'dbt', 'action': 'invocation', 'label': 'end', 'context': [<snowplow_tracker.self_describing_json.SelfDescribingJson object at 0x7f9b35102fd0>, <snowplow_tracker.self_describing_json.SelfDescribingJson object at 0x7f9b34f13410>, <snowplow_tracker.self_describing_json.SelfDescribingJson object at 0x7f9b34e6f020>]}
[0m20:13:29.179068 [debug] [MainThread]: Flushing usage events
[0m20:13:29.475276 [debug] [MainThread]: An error was encountered while trying to flush usage events
